<?xml version="1.0" encoding="UTF-8"?>
<!-- Generated by org.testng.reporters.JUnitReportReporter -->
<testsuite skipped="0" hostname="LAPTOP-LSS3KUED" name="testExecution.MainExecution" tests="1" failures="0" timestamp="2019-12-12T17:54:02 EST" time="8.585" errors="0">
  <testcase name="f" time="8.585" classname="testExecution.MainExecution"/>
</testsuite> <!-- testExecution.MainExecution -->
